[2023-09-26 16:28:25,786] INFO [Controller id=0 epoch=1] Sending UpdateMetadata request to brokers HashSet(0) for 0 partitions (state.change.logger)
[2023-09-26 16:30:05,327] INFO [Controller id=0 epoch=1] Changed partition my-topic-0 state from NonExistentPartition to NewPartition with assigned replicas 0 (state.change.logger)
[2023-09-26 16:30:05,328] INFO [Controller id=0 epoch=1] Sending UpdateMetadata request to brokers HashSet() for 0 partitions (state.change.logger)
[2023-09-26 16:30:05,330] INFO [Controller id=0 epoch=1] Sending UpdateMetadata request to brokers HashSet() for 0 partitions (state.change.logger)
[2023-09-26 16:30:05,342] INFO [Controller id=0 epoch=1] Changed partition my-topic-0 from NewPartition to OnlinePartition with state LeaderAndIsr(leader=0, leaderEpoch=0, isrWithBrokerEpoch=List(BrokerState(brokerId=0, brokerEpoch=-1)), leaderRecoveryState=RECOVERED, partitionEpoch=0) (state.change.logger)
[2023-09-26 16:30:05,344] INFO [Controller id=0 epoch=1] Sending LeaderAndIsr request to broker 0 with 1 become-leader and 0 become-follower partitions (state.change.logger)
[2023-09-26 16:30:05,346] INFO [Controller id=0 epoch=1] Sending UpdateMetadata request to brokers HashSet(0) for 1 partitions (state.change.logger)
[2023-09-26 16:30:05,346] INFO [Controller id=0 epoch=1] Sending UpdateMetadata request to brokers HashSet() for 0 partitions (state.change.logger)
[2023-09-26 16:30:05,349] INFO [Broker id=0] Handling LeaderAndIsr request correlationId 1 from controller 0 for 1 partitions (state.change.logger)
[2023-09-26 16:30:05,361] INFO [Broker id=0] Stopped fetchers as part of LeaderAndIsr request correlationId 1 from controller 0 epoch 1 as part of the become-leader transition for 1 partitions (state.change.logger)
[2023-09-26 16:30:05,411] INFO [Broker id=0] Leader my-topic-0 with topic id Some(Ibtk04W0Qx2XJK5Rlc5u-A) starts at leader epoch 0 from offset 0 with partition epoch 0, high watermark 0, ISR [0], adding replicas [] and removing replicas [] . Previous leader epoch was -1. (state.change.logger)
[2023-09-26 16:30:05,421] INFO [Broker id=0] Finished LeaderAndIsr request in 73ms correlationId 1 from controller 0 for 1 partitions (state.change.logger)
[2023-09-26 16:30:05,428] INFO [Broker id=0] Add 1 partitions and deleted 0 partitions from metadata cache in response to UpdateMetadata request sent by controller 0 epoch 1 with correlation id 2 (state.change.logger)
[2023-09-26 16:30:31,110] INFO [Controller id=0 epoch=1] Changed partition __consumer_offsets-22 state from NonExistentPartition to NewPartition with assigned replicas 0 (state.change.logger)
[2023-09-26 16:30:31,110] INFO [Controller id=0 epoch=1] Changed partition __consumer_offsets-30 state from NonExistentPartition to NewPartition with assigned replicas 0 (state.change.logger)
[2023-09-26 16:30:31,110] INFO [Controller id=0 epoch=1] Changed partition __consumer_offsets-25 state from NonExistentPartition to NewPartition with assigned replicas 0 (state.change.logger)
[2023-09-26 16:30:31,110] INFO [Controller id=0 epoch=1] Changed partition __consumer_offsets-35 state from NonExistentPartition to NewPartition with assigned replicas 0 (state.change.logger)
[2023-09-26 16:30:31,110] INFO [Controller id=0 epoch=1] Changed partition __consumer_offsets-37 state from NonExistentPartition to NewPartition with assigned replicas 0 (state.change.logger)
[2023-09-26 16:30:31,111] INFO [Controller id=0 epoch=1] Changed partition __consumer_offsets-38 state from NonExistentPartition to NewPartition with assigned replicas 0 (state.change.logger)
[2023-09-26 16:30:31,111] INFO [Controller id=0 epoch=1] Changed partition __consumer_offsets-13 state from NonExistentPartition to NewPartition with assigned replicas 0 (state.change.logger)
[2023-09-26 16:30:31,111] INFO [Controller id=0 epoch=1] Changed partition __consumer_offsets-8 state from NonExistentPartition to NewPartition with assigned replicas 0 (state.change.logger)
[2023-09-26 16:30:31,111] INFO [Controller id=0 epoch=1] Changed partition __consumer_offsets-21 state from NonExistentPartition to NewPartition with assigned replicas 0 (state.change.logger)
[2023-09-26 16:30:31,111] INFO [Controller id=0 epoch=1] Changed partition __consumer_offsets-4 state from NonExistentPartition to NewPartition with assigned replicas 0 (state.change.logger)
[2023-09-26 16:30:31,111] INFO [Controller id=0 epoch=1] Changed partition __consumer_offsets-27 state from NonExistentPartition to NewPartition with assigned replicas 0 (state.change.logger)
[2023-09-26 16:30:31,111] INFO [Controller id=0 epoch=1] Changed partition __consumer_offsets-7 state from NonExistentPartition to NewPartition with assigned replicas 0 (state.change.logger)
[2023-09-26 16:30:31,111] INFO [Controller id=0 epoch=1] Changed partition __consumer_offsets-9 state from NonExistentPartition to NewPartition with assigned replicas 0 (state.change.logger)
[2023-09-26 16:30:31,111] INFO [Controller id=0 epoch=1] Changed partition __consumer_offsets-46 state from NonExistentPartition to NewPartition with assigned replicas 0 (state.change.logger)
[2023-09-26 16:30:31,111] INFO [Controller id=0 epoch=1] Changed partition __consumer_offsets-41 state from NonExistentPartition to NewPartition with assigned replicas 0 (state.change.logger)
[2023-09-26 16:30:31,111] INFO [Controller id=0 epoch=1] Changed partition __consumer_offsets-33 state from NonExistentPartition to NewPartition with assigned replicas 0 (state.change.logger)
[2023-09-26 16:30:31,111] INFO [Controller id=0 epoch=1] Changed partition __consumer_offsets-23 state from NonExistentPartition to NewPartition with assigned replicas 0 (state.change.logger)
[2023-09-26 16:30:31,111] INFO [Controller id=0 epoch=1] Changed partition __consumer_offsets-49 state from NonExistentPartition to NewPartition with assigned replicas 0 (state.change.logger)
[2023-09-26 16:30:31,111] INFO [Controller id=0 epoch=1] Changed partition __consumer_offsets-47 state from NonExistentPartition to NewPartition with assigned replicas 0 (state.change.logger)
[2023-09-26 16:30:31,111] INFO [Controller id=0 epoch=1] Changed partition __consumer_offsets-16 state from NonExistentPartition to NewPartition with assigned replicas 0 (state.change.logger)
[2023-09-26 16:30:31,111] INFO [Controller id=0 epoch=1] Changed partition __consumer_offsets-28 state from NonExistentPartition to NewPartition with assigned replicas 0 (state.change.logger)
[2023-09-26 16:30:31,111] INFO [Controller id=0 epoch=1] Changed partition __consumer_offsets-31 state from NonExistentPartition to NewPartition with assigned replicas 0 (state.change.logger)
[2023-09-26 16:30:31,111] INFO [Controller id=0 epoch=1] Changed partition __consumer_offsets-36 state from NonExistentPartition to NewPartition with assigned replicas 0 (state.change.logger)
[2023-09-26 16:30:31,111] INFO [Controller id=0 epoch=1] Changed partition __consumer_offsets-42 state from NonExistentPartition to NewPartition with assigned replicas 0 (state.change.logger)
[2023-09-26 16:30:31,111] INFO [Controller id=0 epoch=1] Changed partition __consumer_offsets-3 state from NonExistentPartition to NewPartition with assigned replicas 0 (state.change.logger)
[2023-09-26 16:30:31,111] INFO [Controller id=0 epoch=1] Changed partition __consumer_offsets-18 state from NonExistentPartition to NewPartition with assigned replicas 0 (state.change.logger)
[2023-09-26 16:30:31,111] INFO [Controller id=0 epoch=1] Changed partition __consumer_offsets-15 state from NonExistentPartition to NewPartition with assigned replicas 0 (state.change.logger)
[2023-09-26 16:30:31,111] INFO [Controller id=0 epoch=1] Changed partition __consumer_offsets-24 state from NonExistentPartition to NewPartition with assigned replicas 0 (state.change.logger)
[2023-09-26 16:30:31,111] INFO [Controller id=0 epoch=1] Changed partition __consumer_offsets-17 state from NonExistentPartition to NewPartition with assigned replicas 0 (state.change.logger)
[2023-09-26 16:30:31,111] INFO [Controller id=0 epoch=1] Changed partition __consumer_offsets-48 state from NonExistentPartition to NewPartition with assigned replicas 0 (state.change.logger)
[2023-09-26 16:30:31,111] INFO [Controller id=0 epoch=1] Changed partition __consumer_offsets-19 state from NonExistentPartition to NewPartition with assigned replicas 0 (state.change.logger)
[2023-09-26 16:30:31,111] INFO [Controller id=0 epoch=1] Changed partition __consumer_offsets-11 state from NonExistentPartition to NewPartition with assigned replicas 0 (state.change.logger)
[2023-09-26 16:30:31,111] INFO [Controller id=0 epoch=1] Changed partition __consumer_offsets-2 state from NonExistentPartition to NewPartition with assigned replicas 0 (state.change.logger)
[2023-09-26 16:30:31,111] INFO [Controller id=0 epoch=1] Changed partition __consumer_offsets-43 state from NonExistentPartition to NewPartition with assigned replicas 0 (state.change.logger)
[2023-09-26 16:30:31,111] INFO [Controller id=0 epoch=1] Changed partition __consumer_offsets-6 state from NonExistentPartition to NewPartition with assigned replicas 0 (state.change.logger)
[2023-09-26 16:30:31,112] INFO [Controller id=0 epoch=1] Changed partition __consumer_offsets-14 state from NonExistentPartition to NewPartition with assigned replicas 0 (state.change.logger)
[2023-09-26 16:30:31,112] INFO [Controller id=0 epoch=1] Changed partition __consumer_offsets-20 state from NonExistentPartition to NewPartition with assigned replicas 0 (state.change.logger)
[2023-09-26 16:30:31,112] INFO [Controller id=0 epoch=1] Changed partition __consumer_offsets-0 state from NonExistentPartition to NewPartition with assigned replicas 0 (state.change.logger)
[2023-09-26 16:30:31,112] INFO [Controller id=0 epoch=1] Changed partition __consumer_offsets-44 state from NonExistentPartition to NewPartition with assigned replicas 0 (state.change.logger)
[2023-09-26 16:30:31,112] INFO [Controller id=0 epoch=1] Changed partition __consumer_offsets-39 state from NonExistentPartition to NewPartition with assigned replicas 0 (state.change.logger)
[2023-09-26 16:30:31,112] INFO [Controller id=0 epoch=1] Changed partition __consumer_offsets-12 state from NonExistentPartition to NewPartition with assigned replicas 0 (state.change.logger)
[2023-09-26 16:30:31,112] INFO [Controller id=0 epoch=1] Changed partition __consumer_offsets-45 state from NonExistentPartition to NewPartition with assigned replicas 0 (state.change.logger)
[2023-09-26 16:30:31,112] INFO [Controller id=0 epoch=1] Changed partition __consumer_offsets-1 state from NonExistentPartition to NewPartition with assigned replicas 0 (state.change.logger)
[2023-09-26 16:30:31,112] INFO [Controller id=0 epoch=1] Changed partition __consumer_offsets-5 state from NonExistentPartition to NewPartition with assigned replicas 0 (state.change.logger)
[2023-09-26 16:30:31,112] INFO [Controller id=0 epoch=1] Changed partition __consumer_offsets-26 state from NonExistentPartition to NewPartition with assigned replicas 0 (state.change.logger)
[2023-09-26 16:30:31,112] INFO [Controller id=0 epoch=1] Changed partition __consumer_offsets-29 state from NonExistentPartition to NewPartition with assigned replicas 0 (state.change.logger)
[2023-09-26 16:30:31,112] INFO [Controller id=0 epoch=1] Changed partition __consumer_offsets-34 state from NonExistentPartition to NewPartition with assigned replicas 0 (state.change.logger)
[2023-09-26 16:30:31,112] INFO [Controller id=0 epoch=1] Changed partition __consumer_offsets-10 state from NonExistentPartition to NewPartition with assigned replicas 0 (state.change.logger)
[2023-09-26 16:30:31,112] INFO [Controller id=0 epoch=1] Changed partition __consumer_offsets-32 state from NonExistentPartition to NewPartition with assigned replicas 0 (state.change.logger)
[2023-09-26 16:30:31,112] INFO [Controller id=0 epoch=1] Changed partition __consumer_offsets-40 state from NonExistentPartition to NewPartition with assigned replicas 0 (state.change.logger)
[2023-09-26 16:30:31,112] INFO [Controller id=0 epoch=1] Sending UpdateMetadata request to brokers HashSet() for 0 partitions (state.change.logger)
[2023-09-26 16:30:31,113] INFO [Controller id=0 epoch=1] Sending UpdateMetadata request to brokers HashSet() for 0 partitions (state.change.logger)
[2023-09-26 16:30:31,153] INFO [Controller id=0 epoch=1] Changed partition __consumer_offsets-22 from NewPartition to OnlinePartition with state LeaderAndIsr(leader=0, leaderEpoch=0, isrWithBrokerEpoch=List(BrokerState(brokerId=0, brokerEpoch=-1)), leaderRecoveryState=RECOVERED, partitionEpoch=0) (state.change.logger)
[2023-09-26 16:30:31,153] INFO [Controller id=0 epoch=1] Changed partition __consumer_offsets-30 from NewPartition to OnlinePartition with state LeaderAndIsr(leader=0, leaderEpoch=0, isrWithBrokerEpoch=List(BrokerState(brokerId=0, brokerEpoch=-1)), leaderRecoveryState=RECOVERED, partitionEpoch=0) (state.change.logger)
[2023-09-26 16:30:31,153] INFO [Controller id=0 epoch=1] Changed partition __consumer_offsets-25 from NewPartition to OnlinePartition with state LeaderAndIsr(leader=0, leaderEpoch=0, isrWithBrokerEpoch=List(BrokerState(brokerId=0, brokerEpoch=-1)), leaderRecoveryState=RECOVERED, partitionEpoch=0) (state.change.logger)
[2023-09-26 16:30:31,153] INFO [Controller id=0 epoch=1] Changed partition __consumer_offsets-35 from NewPartition to OnlinePartition with state LeaderAndIsr(leader=0, leaderEpoch=0, isrWithBrokerEpoch=List(BrokerState(brokerId=0, brokerEpoch=-1)), leaderRecoveryState=RECOVERED, partitionEpoch=0) (state.change.logger)
[2023-09-26 16:30:31,153] INFO [Controller id=0 epoch=1] Changed partition __consumer_offsets-37 from NewPartition to OnlinePartition with state LeaderAndIsr(leader=0, leaderEpoch=0, isrWithBrokerEpoch=List(BrokerState(brokerId=0, brokerEpoch=-1)), leaderRecoveryState=RECOVERED, partitionEpoch=0) (state.change.logger)
[2023-09-26 16:30:31,153] INFO [Controller id=0 epoch=1] Changed partition __consumer_offsets-38 from NewPartition to OnlinePartition with state LeaderAndIsr(leader=0, leaderEpoch=0, isrWithBrokerEpoch=List(BrokerState(brokerId=0, brokerEpoch=-1)), leaderRecoveryState=RECOVERED, partitionEpoch=0) (state.change.logger)
[2023-09-26 16:30:31,153] INFO [Controller id=0 epoch=1] Changed partition __consumer_offsets-13 from NewPartition to OnlinePartition with state LeaderAndIsr(leader=0, leaderEpoch=0, isrWithBrokerEpoch=List(BrokerState(brokerId=0, brokerEpoch=-1)), leaderRecoveryState=RECOVERED, partitionEpoch=0) (state.change.logger)
[2023-09-26 16:30:31,153] INFO [Controller id=0 epoch=1] Changed partition __consumer_offsets-8 from NewPartition to OnlinePartition with state LeaderAndIsr(leader=0, leaderEpoch=0, isrWithBrokerEpoch=List(BrokerState(brokerId=0, brokerEpoch=-1)), leaderRecoveryState=RECOVERED, partitionEpoch=0) (state.change.logger)
[2023-09-26 16:30:31,153] INFO [Controller id=0 epoch=1] Changed partition __consumer_offsets-21 from NewPartition to OnlinePartition with state LeaderAndIsr(leader=0, leaderEpoch=0, isrWithBrokerEpoch=List(BrokerState(brokerId=0, brokerEpoch=-1)), leaderRecoveryState=RECOVERED, partitionEpoch=0) (state.change.logger)
[2023-09-26 16:30:31,153] INFO [Controller id=0 epoch=1] Changed partition __consumer_offsets-4 from NewPartition to OnlinePartition with state LeaderAndIsr(leader=0, leaderEpoch=0, isrWithBrokerEpoch=List(BrokerState(brokerId=0, brokerEpoch=-1)), leaderRecoveryState=RECOVERED, partitionEpoch=0) (state.change.logger)
[2023-09-26 16:30:31,153] INFO [Controller id=0 epoch=1] Changed partition __consumer_offsets-27 from NewPartition to OnlinePartition with state LeaderAndIsr(leader=0, leaderEpoch=0, isrWithBrokerEpoch=List(BrokerState(brokerId=0, brokerEpoch=-1)), leaderRecoveryState=RECOVERED, partitionEpoch=0) (state.change.logger)
[2023-09-26 16:30:31,153] INFO [Controller id=0 epoch=1] Changed partition __consumer_offsets-7 from NewPartition to OnlinePartition with state LeaderAndIsr(leader=0, leaderEpoch=0, isrWithBrokerEpoch=List(BrokerState(brokerId=0, brokerEpoch=-1)), leaderRecoveryState=RECOVERED, partitionEpoch=0) (state.change.logger)
[2023-09-26 16:30:31,153] INFO [Controller id=0 epoch=1] Changed partition __consumer_offsets-9 from NewPartition to OnlinePartition with state LeaderAndIsr(leader=0, leaderEpoch=0, isrWithBrokerEpoch=List(BrokerState(brokerId=0, brokerEpoch=-1)), leaderRecoveryState=RECOVERED, partitionEpoch=0) (state.change.logger)
[2023-09-26 16:30:31,154] INFO [Controller id=0 epoch=1] Changed partition __consumer_offsets-46 from NewPartition to OnlinePartition with state LeaderAndIsr(leader=0, leaderEpoch=0, isrWithBrokerEpoch=List(BrokerState(brokerId=0, brokerEpoch=-1)), leaderRecoveryState=RECOVERED, partitionEpoch=0) (state.change.logger)
[2023-09-26 16:30:31,154] INFO [Controller id=0 epoch=1] Changed partition __consumer_offsets-41 from NewPartition to OnlinePartition with state LeaderAndIsr(leader=0, leaderEpoch=0, isrWithBrokerEpoch=List(BrokerState(brokerId=0, brokerEpoch=-1)), leaderRecoveryState=RECOVERED, partitionEpoch=0) (state.change.logger)
[2023-09-26 16:30:31,154] INFO [Controller id=0 epoch=1] Changed partition __consumer_offsets-33 from NewPartition to OnlinePartition with state LeaderAndIsr(leader=0, leaderEpoch=0, isrWithBrokerEpoch=List(BrokerState(brokerId=0, brokerEpoch=-1)), leaderRecoveryState=RECOVERED, partitionEpoch=0) (state.change.logger)
[2023-09-26 16:30:31,154] INFO [Controller id=0 epoch=1] Changed partition __consumer_offsets-23 from NewPartition to OnlinePartition with state LeaderAndIsr(leader=0, leaderEpoch=0, isrWithBrokerEpoch=List(BrokerState(brokerId=0, brokerEpoch=-1)), leaderRecoveryState=RECOVERED, partitionEpoch=0) (state.change.logger)
[2023-09-26 16:30:31,154] INFO [Controller id=0 epoch=1] Changed partition __consumer_offsets-49 from NewPartition to OnlinePartition with state LeaderAndIsr(leader=0, leaderEpoch=0, isrWithBrokerEpoch=List(BrokerState(brokerId=0, brokerEpoch=-1)), leaderRecoveryState=RECOVERED, partitionEpoch=0) (state.change.logger)
[2023-09-26 16:30:31,154] INFO [Controller id=0 epoch=1] Changed partition __consumer_offsets-47 from NewPartition to OnlinePartition with state LeaderAndIsr(leader=0, leaderEpoch=0, isrWithBrokerEpoch=List(BrokerState(brokerId=0, brokerEpoch=-1)), leaderRecoveryState=RECOVERED, partitionEpoch=0) (state.change.logger)
[2023-09-26 16:30:31,154] INFO [Controller id=0 epoch=1] Changed partition __consumer_offsets-16 from NewPartition to OnlinePartition with state LeaderAndIsr(leader=0, leaderEpoch=0, isrWithBrokerEpoch=List(BrokerState(brokerId=0, brokerEpoch=-1)), leaderRecoveryState=RECOVERED, partitionEpoch=0) (state.change.logger)
[2023-09-26 16:30:31,154] INFO [Controller id=0 epoch=1] Changed partition __consumer_offsets-28 from NewPartition to OnlinePartition with state LeaderAndIsr(leader=0, leaderEpoch=0, isrWithBrokerEpoch=List(BrokerState(brokerId=0, brokerEpoch=-1)), leaderRecoveryState=RECOVERED, partitionEpoch=0) (state.change.logger)
[2023-09-26 16:30:31,154] INFO [Controller id=0 epoch=1] Changed partition __consumer_offsets-31 from NewPartition to OnlinePartition with state LeaderAndIsr(leader=0, leaderEpoch=0, isrWithBrokerEpoch=List(BrokerState(brokerId=0, brokerEpoch=-1)), leaderRecoveryState=RECOVERED, partitionEpoch=0) (state.change.logger)
[2023-09-26 16:30:31,154] INFO [Controller id=0 epoch=1] Changed partition __consumer_offsets-36 from NewPartition to OnlinePartition with state LeaderAndIsr(leader=0, leaderEpoch=0, isrWithBrokerEpoch=List(BrokerState(brokerId=0, brokerEpoch=-1)), leaderRecoveryState=RECOVERED, partitionEpoch=0) (state.change.logger)
[2023-09-26 16:30:31,154] INFO [Controller id=0 epoch=1] Changed partition __consumer_offsets-42 from NewPartition to OnlinePartition with state LeaderAndIsr(leader=0, leaderEpoch=0, isrWithBrokerEpoch=List(BrokerState(brokerId=0, brokerEpoch=-1)), leaderRecoveryState=RECOVERED, partitionEpoch=0) (state.change.logger)
[2023-09-26 16:30:31,154] INFO [Controller id=0 epoch=1] Changed partition __consumer_offsets-3 from NewPartition to OnlinePartition with state LeaderAndIsr(leader=0, leaderEpoch=0, isrWithBrokerEpoch=List(BrokerState(brokerId=0, brokerEpoch=-1)), leaderRecoveryState=RECOVERED, partitionEpoch=0) (state.change.logger)
[2023-09-26 16:30:31,154] INFO [Controller id=0 epoch=1] Changed partition __consumer_offsets-18 from NewPartition to OnlinePartition with state LeaderAndIsr(leader=0, leaderEpoch=0, isrWithBrokerEpoch=List(BrokerState(brokerId=0, brokerEpoch=-1)), leaderRecoveryState=RECOVERED, partitionEpoch=0) (state.change.logger)
[2023-09-26 16:30:31,154] INFO [Controller id=0 epoch=1] Changed partition __consumer_offsets-15 from NewPartition to OnlinePartition with state LeaderAndIsr(leader=0, leaderEpoch=0, isrWithBrokerEpoch=List(BrokerState(brokerId=0, brokerEpoch=-1)), leaderRecoveryState=RECOVERED, partitionEpoch=0) (state.change.logger)
[2023-09-26 16:30:31,154] INFO [Controller id=0 epoch=1] Changed partition __consumer_offsets-24 from NewPartition to OnlinePartition with state LeaderAndIsr(leader=0, leaderEpoch=0, isrWithBrokerEpoch=List(BrokerState(brokerId=0, brokerEpoch=-1)), leaderRecoveryState=RECOVERED, partitionEpoch=0) (state.change.logger)
[2023-09-26 16:30:31,154] INFO [Controller id=0 epoch=1] Changed partition __consumer_offsets-17 from NewPartition to OnlinePartition with state LeaderAndIsr(leader=0, leaderEpoch=0, isrWithBrokerEpoch=List(BrokerState(brokerId=0, brokerEpoch=-1)), leaderRecoveryState=RECOVERED, partitionEpoch=0) (state.change.logger)
[2023-09-26 16:30:31,154] INFO [Controller id=0 epoch=1] Changed partition __consumer_offsets-48 from NewPartition to OnlinePartition with state LeaderAndIsr(leader=0, leaderEpoch=0, isrWithBrokerEpoch=List(BrokerState(brokerId=0, brokerEpoch=-1)), leaderRecoveryState=RECOVERED, partitionEpoch=0) (state.change.logger)
[2023-09-26 16:30:31,154] INFO [Controller id=0 epoch=1] Changed partition __consumer_offsets-19 from NewPartition to OnlinePartition with state LeaderAndIsr(leader=0, leaderEpoch=0, isrWithBrokerEpoch=List(BrokerState(brokerId=0, brokerEpoch=-1)), leaderRecoveryState=RECOVERED, partitionEpoch=0) (state.change.logger)
[2023-09-26 16:30:31,154] INFO [Controller id=0 epoch=1] Changed partition __consumer_offsets-11 from NewPartition to OnlinePartition with state LeaderAndIsr(leader=0, leaderEpoch=0, isrWithBrokerEpoch=List(BrokerState(brokerId=0, brokerEpoch=-1)), leaderRecoveryState=RECOVERED, partitionEpoch=0) (state.change.logger)
[2023-09-26 16:30:31,154] INFO [Controller id=0 epoch=1] Changed partition __consumer_offsets-2 from NewPartition to OnlinePartition with state LeaderAndIsr(leader=0, leaderEpoch=0, isrWithBrokerEpoch=List(BrokerState(brokerId=0, brokerEpoch=-1)), leaderRecoveryState=RECOVERED, partitionEpoch=0) (state.change.logger)
[2023-09-26 16:30:31,154] INFO [Controller id=0 epoch=1] Changed partition __consumer_offsets-43 from NewPartition to OnlinePartition with state LeaderAndIsr(leader=0, leaderEpoch=0, isrWithBrokerEpoch=List(BrokerState(brokerId=0, brokerEpoch=-1)), leaderRecoveryState=RECOVERED, partitionEpoch=0) (state.change.logger)
[2023-09-26 16:30:31,154] INFO [Controller id=0 epoch=1] Changed partition __consumer_offsets-6 from NewPartition to OnlinePartition with state LeaderAndIsr(leader=0, leaderEpoch=0, isrWithBrokerEpoch=List(BrokerState(brokerId=0, brokerEpoch=-1)), leaderRecoveryState=RECOVERED, partitionEpoch=0) (state.change.logger)
[2023-09-26 16:30:31,154] INFO [Controller id=0 epoch=1] Changed partition __consumer_offsets-14 from NewPartition to OnlinePartition with state LeaderAndIsr(leader=0, leaderEpoch=0, isrWithBrokerEpoch=List(BrokerState(brokerId=0, brokerEpoch=-1)), leaderRecoveryState=RECOVERED, partitionEpoch=0) (state.change.logger)
[2023-09-26 16:30:31,154] INFO [Controller id=0 epoch=1] Changed partition __consumer_offsets-20 from NewPartition to OnlinePartition with state LeaderAndIsr(leader=0, leaderEpoch=0, isrWithBrokerEpoch=List(BrokerState(brokerId=0, brokerEpoch=-1)), leaderRecoveryState=RECOVERED, partitionEpoch=0) (state.change.logger)
[2023-09-26 16:30:31,154] INFO [Controller id=0 epoch=1] Changed partition __consumer_offsets-0 from NewPartition to OnlinePartition with state LeaderAndIsr(leader=0, leaderEpoch=0, isrWithBrokerEpoch=List(BrokerState(brokerId=0, brokerEpoch=-1)), leaderRecoveryState=RECOVERED, partitionEpoch=0) (state.change.logger)
[2023-09-26 16:30:31,154] INFO [Controller id=0 epoch=1] Changed partition __consumer_offsets-44 from NewPartition to OnlinePartition with state LeaderAndIsr(leader=0, leaderEpoch=0, isrWithBrokerEpoch=List(BrokerState(brokerId=0, brokerEpoch=-1)), leaderRecoveryState=RECOVERED, partitionEpoch=0) (state.change.logger)
[2023-09-26 16:30:31,154] INFO [Controller id=0 epoch=1] Changed partition __consumer_offsets-39 from NewPartition to OnlinePartition with state LeaderAndIsr(leader=0, leaderEpoch=0, isrWithBrokerEpoch=List(BrokerState(brokerId=0, brokerEpoch=-1)), leaderRecoveryState=RECOVERED, partitionEpoch=0) (state.change.logger)
[2023-09-26 16:30:31,154] INFO [Controller id=0 epoch=1] Changed partition __consumer_offsets-12 from NewPartition to OnlinePartition with state LeaderAndIsr(leader=0, leaderEpoch=0, isrWithBrokerEpoch=List(BrokerState(brokerId=0, brokerEpoch=-1)), leaderRecoveryState=RECOVERED, partitionEpoch=0) (state.change.logger)
[2023-09-26 16:30:31,154] INFO [Controller id=0 epoch=1] Changed partition __consumer_offsets-45 from NewPartition to OnlinePartition with state LeaderAndIsr(leader=0, leaderEpoch=0, isrWithBrokerEpoch=List(BrokerState(brokerId=0, brokerEpoch=-1)), leaderRecoveryState=RECOVERED, partitionEpoch=0) (state.change.logger)
[2023-09-26 16:30:31,154] INFO [Controller id=0 epoch=1] Changed partition __consumer_offsets-1 from NewPartition to OnlinePartition with state LeaderAndIsr(leader=0, leaderEpoch=0, isrWithBrokerEpoch=List(BrokerState(brokerId=0, brokerEpoch=-1)), leaderRecoveryState=RECOVERED, partitionEpoch=0) (state.change.logger)
[2023-09-26 16:30:31,154] INFO [Controller id=0 epoch=1] Changed partition __consumer_offsets-5 from NewPartition to OnlinePartition with state LeaderAndIsr(leader=0, leaderEpoch=0, isrWithBrokerEpoch=List(BrokerState(brokerId=0, brokerEpoch=-1)), leaderRecoveryState=RECOVERED, partitionEpoch=0) (state.change.logger)
[2023-09-26 16:30:31,154] INFO [Controller id=0 epoch=1] Changed partition __consumer_offsets-26 from NewPartition to OnlinePartition with state LeaderAndIsr(leader=0, leaderEpoch=0, isrWithBrokerEpoch=List(BrokerState(brokerId=0, brokerEpoch=-1)), leaderRecoveryState=RECOVERED, partitionEpoch=0) (state.change.logger)
[2023-09-26 16:30:31,154] INFO [Controller id=0 epoch=1] Changed partition __consumer_offsets-29 from NewPartition to OnlinePartition with state LeaderAndIsr(leader=0, leaderEpoch=0, isrWithBrokerEpoch=List(BrokerState(brokerId=0, brokerEpoch=-1)), leaderRecoveryState=RECOVERED, partitionEpoch=0) (state.change.logger)
[2023-09-26 16:30:31,155] INFO [Controller id=0 epoch=1] Changed partition __consumer_offsets-34 from NewPartition to OnlinePartition with state LeaderAndIsr(leader=0, leaderEpoch=0, isrWithBrokerEpoch=List(BrokerState(brokerId=0, brokerEpoch=-1)), leaderRecoveryState=RECOVERED, partitionEpoch=0) (state.change.logger)
[2023-09-26 16:30:31,155] INFO [Controller id=0 epoch=1] Changed partition __consumer_offsets-10 from NewPartition to OnlinePartition with state LeaderAndIsr(leader=0, leaderEpoch=0, isrWithBrokerEpoch=List(BrokerState(brokerId=0, brokerEpoch=-1)), leaderRecoveryState=RECOVERED, partitionEpoch=0) (state.change.logger)
[2023-09-26 16:30:31,155] INFO [Controller id=0 epoch=1] Changed partition __consumer_offsets-32 from NewPartition to OnlinePartition with state LeaderAndIsr(leader=0, leaderEpoch=0, isrWithBrokerEpoch=List(BrokerState(brokerId=0, brokerEpoch=-1)), leaderRecoveryState=RECOVERED, partitionEpoch=0) (state.change.logger)
[2023-09-26 16:30:31,155] INFO [Controller id=0 epoch=1] Changed partition __consumer_offsets-40 from NewPartition to OnlinePartition with state LeaderAndIsr(leader=0, leaderEpoch=0, isrWithBrokerEpoch=List(BrokerState(brokerId=0, brokerEpoch=-1)), leaderRecoveryState=RECOVERED, partitionEpoch=0) (state.change.logger)
[2023-09-26 16:30:31,155] INFO [Controller id=0 epoch=1] Sending LeaderAndIsr request to broker 0 with 50 become-leader and 0 become-follower partitions (state.change.logger)
[2023-09-26 16:30:31,156] INFO [Controller id=0 epoch=1] Sending UpdateMetadata request to brokers HashSet(0) for 50 partitions (state.change.logger)
[2023-09-26 16:30:31,156] INFO [Controller id=0 epoch=1] Sending UpdateMetadata request to brokers HashSet() for 0 partitions (state.change.logger)
[2023-09-26 16:30:31,156] INFO [Broker id=0] Handling LeaderAndIsr request correlationId 3 from controller 0 for 50 partitions (state.change.logger)
[2023-09-26 16:30:31,167] INFO [Broker id=0] Stopped fetchers as part of LeaderAndIsr request correlationId 3 from controller 0 epoch 1 as part of the become-leader transition for 50 partitions (state.change.logger)
[2023-09-26 16:30:31,179] INFO [Broker id=0] Leader __consumer_offsets-3 with topic id Some(l1ZzHGqzTEy0jj1xvaVAlg) starts at leader epoch 0 from offset 0 with partition epoch 0, high watermark 0, ISR [0], adding replicas [] and removing replicas [] . Previous leader epoch was -1. (state.change.logger)
[2023-09-26 16:30:31,186] INFO [Broker id=0] Leader __consumer_offsets-18 with topic id Some(l1ZzHGqzTEy0jj1xvaVAlg) starts at leader epoch 0 from offset 0 with partition epoch 0, high watermark 0, ISR [0], adding replicas [] and removing replicas [] . Previous leader epoch was -1. (state.change.logger)
[2023-09-26 16:30:31,192] INFO [Broker id=0] Leader __consumer_offsets-41 with topic id Some(l1ZzHGqzTEy0jj1xvaVAlg) starts at leader epoch 0 from offset 0 with partition epoch 0, high watermark 0, ISR [0], adding replicas [] and removing replicas [] . Previous leader epoch was -1. (state.change.logger)
[2023-09-26 16:30:31,198] INFO [Broker id=0] Leader __consumer_offsets-10 with topic id Some(l1ZzHGqzTEy0jj1xvaVAlg) starts at leader epoch 0 from offset 0 with partition epoch 0, high watermark 0, ISR [0], adding replicas [] and removing replicas [] . Previous leader epoch was -1. (state.change.logger)
[2023-09-26 16:30:31,205] INFO [Broker id=0] Leader __consumer_offsets-33 with topic id Some(l1ZzHGqzTEy0jj1xvaVAlg) starts at leader epoch 0 from offset 0 with partition epoch 0, high watermark 0, ISR [0], adding replicas [] and removing replicas [] . Previous leader epoch was -1. (state.change.logger)
[2023-09-26 16:30:31,212] INFO [Broker id=0] Leader __consumer_offsets-48 with topic id Some(l1ZzHGqzTEy0jj1xvaVAlg) starts at leader epoch 0 from offset 0 with partition epoch 0, high watermark 0, ISR [0], adding replicas [] and removing replicas [] . Previous leader epoch was -1. (state.change.logger)
[2023-09-26 16:30:31,219] INFO [Broker id=0] Leader __consumer_offsets-19 with topic id Some(l1ZzHGqzTEy0jj1xvaVAlg) starts at leader epoch 0 from offset 0 with partition epoch 0, high watermark 0, ISR [0], adding replicas [] and removing replicas [] . Previous leader epoch was -1. (state.change.logger)
[2023-09-26 16:30:31,225] INFO [Broker id=0] Leader __consumer_offsets-34 with topic id Some(l1ZzHGqzTEy0jj1xvaVAlg) starts at leader epoch 0 from offset 0 with partition epoch 0, high watermark 0, ISR [0], adding replicas [] and removing replicas [] . Previous leader epoch was -1. (state.change.logger)
[2023-09-26 16:30:31,233] INFO [Broker id=0] Leader __consumer_offsets-4 with topic id Some(l1ZzHGqzTEy0jj1xvaVAlg) starts at leader epoch 0 from offset 0 with partition epoch 0, high watermark 0, ISR [0], adding replicas [] and removing replicas [] . Previous leader epoch was -1. (state.change.logger)
[2023-09-26 16:30:31,239] INFO [Broker id=0] Leader __consumer_offsets-11 with topic id Some(l1ZzHGqzTEy0jj1xvaVAlg) starts at leader epoch 0 from offset 0 with partition epoch 0, high watermark 0, ISR [0], adding replicas [] and removing replicas [] . Previous leader epoch was -1. (state.change.logger)
[2023-09-26 16:30:31,246] INFO [Broker id=0] Leader __consumer_offsets-26 with topic id Some(l1ZzHGqzTEy0jj1xvaVAlg) starts at leader epoch 0 from offset 0 with partition epoch 0, high watermark 0, ISR [0], adding replicas [] and removing replicas [] . Previous leader epoch was -1. (state.change.logger)
[2023-09-26 16:30:31,253] INFO [Broker id=0] Leader __consumer_offsets-49 with topic id Some(l1ZzHGqzTEy0jj1xvaVAlg) starts at leader epoch 0 from offset 0 with partition epoch 0, high watermark 0, ISR [0], adding replicas [] and removing replicas [] . Previous leader epoch was -1. (state.change.logger)
[2023-09-26 16:30:31,259] INFO [Broker id=0] Leader __consumer_offsets-39 with topic id Some(l1ZzHGqzTEy0jj1xvaVAlg) starts at leader epoch 0 from offset 0 with partition epoch 0, high watermark 0, ISR [0], adding replicas [] and removing replicas [] . Previous leader epoch was -1. (state.change.logger)
[2023-09-26 16:30:31,264] INFO [Broker id=0] Leader __consumer_offsets-9 with topic id Some(l1ZzHGqzTEy0jj1xvaVAlg) starts at leader epoch 0 from offset 0 with partition epoch 0, high watermark 0, ISR [0], adding replicas [] and removing replicas [] . Previous leader epoch was -1. (state.change.logger)
[2023-09-26 16:30:31,271] INFO [Broker id=0] Leader __consumer_offsets-24 with topic id Some(l1ZzHGqzTEy0jj1xvaVAlg) starts at leader epoch 0 from offset 0 with partition epoch 0, high watermark 0, ISR [0], adding replicas [] and removing replicas [] . Previous leader epoch was -1. (state.change.logger)
[2023-09-26 16:30:31,277] INFO [Broker id=0] Leader __consumer_offsets-31 with topic id Some(l1ZzHGqzTEy0jj1xvaVAlg) starts at leader epoch 0 from offset 0 with partition epoch 0, high watermark 0, ISR [0], adding replicas [] and removing replicas [] . Previous leader epoch was -1. (state.change.logger)
[2023-09-26 16:30:31,283] INFO [Broker id=0] Leader __consumer_offsets-46 with topic id Some(l1ZzHGqzTEy0jj1xvaVAlg) starts at leader epoch 0 from offset 0 with partition epoch 0, high watermark 0, ISR [0], adding replicas [] and removing replicas [] . Previous leader epoch was -1. (state.change.logger)
[2023-09-26 16:30:31,289] INFO [Broker id=0] Leader __consumer_offsets-1 with topic id Some(l1ZzHGqzTEy0jj1xvaVAlg) starts at leader epoch 0 from offset 0 with partition epoch 0, high watermark 0, ISR [0], adding replicas [] and removing replicas [] . Previous leader epoch was -1. (state.change.logger)
[2023-09-26 16:30:31,296] INFO [Broker id=0] Leader __consumer_offsets-16 with topic id Some(l1ZzHGqzTEy0jj1xvaVAlg) starts at leader epoch 0 from offset 0 with partition epoch 0, high watermark 0, ISR [0], adding replicas [] and removing replicas [] . Previous leader epoch was -1. (state.change.logger)
[2023-09-26 16:30:31,302] INFO [Broker id=0] Leader __consumer_offsets-2 with topic id Some(l1ZzHGqzTEy0jj1xvaVAlg) starts at leader epoch 0 from offset 0 with partition epoch 0, high watermark 0, ISR [0], adding replicas [] and removing replicas [] . Previous leader epoch was -1. (state.change.logger)
[2023-09-26 16:30:31,308] INFO [Broker id=0] Leader __consumer_offsets-25 with topic id Some(l1ZzHGqzTEy0jj1xvaVAlg) starts at leader epoch 0 from offset 0 with partition epoch 0, high watermark 0, ISR [0], adding replicas [] and removing replicas [] . Previous leader epoch was -1. (state.change.logger)
[2023-09-26 16:30:31,315] INFO [Broker id=0] Leader __consumer_offsets-40 with topic id Some(l1ZzHGqzTEy0jj1xvaVAlg) starts at leader epoch 0 from offset 0 with partition epoch 0, high watermark 0, ISR [0], adding replicas [] and removing replicas [] . Previous leader epoch was -1. (state.change.logger)
[2023-09-26 16:30:31,322] INFO [Broker id=0] Leader __consumer_offsets-47 with topic id Some(l1ZzHGqzTEy0jj1xvaVAlg) starts at leader epoch 0 from offset 0 with partition epoch 0, high watermark 0, ISR [0], adding replicas [] and removing replicas [] . Previous leader epoch was -1. (state.change.logger)
[2023-09-26 16:30:31,328] INFO [Broker id=0] Leader __consumer_offsets-17 with topic id Some(l1ZzHGqzTEy0jj1xvaVAlg) starts at leader epoch 0 from offset 0 with partition epoch 0, high watermark 0, ISR [0], adding replicas [] and removing replicas [] . Previous leader epoch was -1. (state.change.logger)
[2023-09-26 16:30:31,333] INFO [Broker id=0] Leader __consumer_offsets-32 with topic id Some(l1ZzHGqzTEy0jj1xvaVAlg) starts at leader epoch 0 from offset 0 with partition epoch 0, high watermark 0, ISR [0], adding replicas [] and removing replicas [] . Previous leader epoch was -1. (state.change.logger)
[2023-09-26 16:30:31,340] INFO [Broker id=0] Leader __consumer_offsets-37 with topic id Some(l1ZzHGqzTEy0jj1xvaVAlg) starts at leader epoch 0 from offset 0 with partition epoch 0, high watermark 0, ISR [0], adding replicas [] and removing replicas [] . Previous leader epoch was -1. (state.change.logger)
[2023-09-26 16:30:31,345] INFO [Broker id=0] Leader __consumer_offsets-7 with topic id Some(l1ZzHGqzTEy0jj1xvaVAlg) starts at leader epoch 0 from offset 0 with partition epoch 0, high watermark 0, ISR [0], adding replicas [] and removing replicas [] . Previous leader epoch was -1. (state.change.logger)
[2023-09-26 16:30:31,351] INFO [Broker id=0] Leader __consumer_offsets-22 with topic id Some(l1ZzHGqzTEy0jj1xvaVAlg) starts at leader epoch 0 from offset 0 with partition epoch 0, high watermark 0, ISR [0], adding replicas [] and removing replicas [] . Previous leader epoch was -1. (state.change.logger)
[2023-09-26 16:30:31,357] INFO [Broker id=0] Leader __consumer_offsets-29 with topic id Some(l1ZzHGqzTEy0jj1xvaVAlg) starts at leader epoch 0 from offset 0 with partition epoch 0, high watermark 0, ISR [0], adding replicas [] and removing replicas [] . Previous leader epoch was -1. (state.change.logger)
[2023-09-26 16:30:31,363] INFO [Broker id=0] Leader __consumer_offsets-44 with topic id Some(l1ZzHGqzTEy0jj1xvaVAlg) starts at leader epoch 0 from offset 0 with partition epoch 0, high watermark 0, ISR [0], adding replicas [] and removing replicas [] . Previous leader epoch was -1. (state.change.logger)
[2023-09-26 16:30:31,369] INFO [Broker id=0] Leader __consumer_offsets-14 with topic id Some(l1ZzHGqzTEy0jj1xvaVAlg) starts at leader epoch 0 from offset 0 with partition epoch 0, high watermark 0, ISR [0], adding replicas [] and removing replicas [] . Previous leader epoch was -1. (state.change.logger)
[2023-09-26 16:30:31,376] INFO [Broker id=0] Leader __consumer_offsets-23 with topic id Some(l1ZzHGqzTEy0jj1xvaVAlg) starts at leader epoch 0 from offset 0 with partition epoch 0, high watermark 0, ISR [0], adding replicas [] and removing replicas [] . Previous leader epoch was -1. (state.change.logger)
[2023-09-26 16:30:31,382] INFO [Broker id=0] Leader __consumer_offsets-38 with topic id Some(l1ZzHGqzTEy0jj1xvaVAlg) starts at leader epoch 0 from offset 0 with partition epoch 0, high watermark 0, ISR [0], adding replicas [] and removing replicas [] . Previous leader epoch was -1. (state.change.logger)
[2023-09-26 16:30:31,389] INFO [Broker id=0] Leader __consumer_offsets-8 with topic id Some(l1ZzHGqzTEy0jj1xvaVAlg) starts at leader epoch 0 from offset 0 with partition epoch 0, high watermark 0, ISR [0], adding replicas [] and removing replicas [] . Previous leader epoch was -1. (state.change.logger)
[2023-09-26 16:30:31,394] INFO [Broker id=0] Leader __consumer_offsets-45 with topic id Some(l1ZzHGqzTEy0jj1xvaVAlg) starts at leader epoch 0 from offset 0 with partition epoch 0, high watermark 0, ISR [0], adding replicas [] and removing replicas [] . Previous leader epoch was -1. (state.change.logger)
[2023-09-26 16:30:31,400] INFO [Broker id=0] Leader __consumer_offsets-15 with topic id Some(l1ZzHGqzTEy0jj1xvaVAlg) starts at leader epoch 0 from offset 0 with partition epoch 0, high watermark 0, ISR [0], adding replicas [] and removing replicas [] . Previous leader epoch was -1. (state.change.logger)
[2023-09-26 16:30:31,406] INFO [Broker id=0] Leader __consumer_offsets-30 with topic id Some(l1ZzHGqzTEy0jj1xvaVAlg) starts at leader epoch 0 from offset 0 with partition epoch 0, high watermark 0, ISR [0], adding replicas [] and removing replicas [] . Previous leader epoch was -1. (state.change.logger)
[2023-09-26 16:30:31,412] INFO [Broker id=0] Leader __consumer_offsets-0 with topic id Some(l1ZzHGqzTEy0jj1xvaVAlg) starts at leader epoch 0 from offset 0 with partition epoch 0, high watermark 0, ISR [0], adding replicas [] and removing replicas [] . Previous leader epoch was -1. (state.change.logger)
[2023-09-26 16:30:31,418] INFO [Broker id=0] Leader __consumer_offsets-35 with topic id Some(l1ZzHGqzTEy0jj1xvaVAlg) starts at leader epoch 0 from offset 0 with partition epoch 0, high watermark 0, ISR [0], adding replicas [] and removing replicas [] . Previous leader epoch was -1. (state.change.logger)
[2023-09-26 16:30:31,424] INFO [Broker id=0] Leader __consumer_offsets-5 with topic id Some(l1ZzHGqzTEy0jj1xvaVAlg) starts at leader epoch 0 from offset 0 with partition epoch 0, high watermark 0, ISR [0], adding replicas [] and removing replicas [] . Previous leader epoch was -1. (state.change.logger)
[2023-09-26 16:30:31,431] INFO [Broker id=0] Leader __consumer_offsets-20 with topic id Some(l1ZzHGqzTEy0jj1xvaVAlg) starts at leader epoch 0 from offset 0 with partition epoch 0, high watermark 0, ISR [0], adding replicas [] and removing replicas [] . Previous leader epoch was -1. (state.change.logger)
[2023-09-26 16:30:31,437] INFO [Broker id=0] Leader __consumer_offsets-27 with topic id Some(l1ZzHGqzTEy0jj1xvaVAlg) starts at leader epoch 0 from offset 0 with partition epoch 0, high watermark 0, ISR [0], adding replicas [] and removing replicas [] . Previous leader epoch was -1. (state.change.logger)
[2023-09-26 16:30:31,443] INFO [Broker id=0] Leader __consumer_offsets-42 with topic id Some(l1ZzHGqzTEy0jj1xvaVAlg) starts at leader epoch 0 from offset 0 with partition epoch 0, high watermark 0, ISR [0], adding replicas [] and removing replicas [] . Previous leader epoch was -1. (state.change.logger)
[2023-09-26 16:30:31,449] INFO [Broker id=0] Leader __consumer_offsets-12 with topic id Some(l1ZzHGqzTEy0jj1xvaVAlg) starts at leader epoch 0 from offset 0 with partition epoch 0, high watermark 0, ISR [0], adding replicas [] and removing replicas [] . Previous leader epoch was -1. (state.change.logger)
[2023-09-26 16:30:31,454] INFO [Broker id=0] Leader __consumer_offsets-21 with topic id Some(l1ZzHGqzTEy0jj1xvaVAlg) starts at leader epoch 0 from offset 0 with partition epoch 0, high watermark 0, ISR [0], adding replicas [] and removing replicas [] . Previous leader epoch was -1. (state.change.logger)
[2023-09-26 16:30:31,460] INFO [Broker id=0] Leader __consumer_offsets-36 with topic id Some(l1ZzHGqzTEy0jj1xvaVAlg) starts at leader epoch 0 from offset 0 with partition epoch 0, high watermark 0, ISR [0], adding replicas [] and removing replicas [] . Previous leader epoch was -1. (state.change.logger)
[2023-09-26 16:30:31,466] INFO [Broker id=0] Leader __consumer_offsets-6 with topic id Some(l1ZzHGqzTEy0jj1xvaVAlg) starts at leader epoch 0 from offset 0 with partition epoch 0, high watermark 0, ISR [0], adding replicas [] and removing replicas [] . Previous leader epoch was -1. (state.change.logger)
[2023-09-26 16:30:31,472] INFO [Broker id=0] Leader __consumer_offsets-43 with topic id Some(l1ZzHGqzTEy0jj1xvaVAlg) starts at leader epoch 0 from offset 0 with partition epoch 0, high watermark 0, ISR [0], adding replicas [] and removing replicas [] . Previous leader epoch was -1. (state.change.logger)
[2023-09-26 16:30:31,477] INFO [Broker id=0] Leader __consumer_offsets-13 with topic id Some(l1ZzHGqzTEy0jj1xvaVAlg) starts at leader epoch 0 from offset 0 with partition epoch 0, high watermark 0, ISR [0], adding replicas [] and removing replicas [] . Previous leader epoch was -1. (state.change.logger)
[2023-09-26 16:30:31,484] INFO [Broker id=0] Leader __consumer_offsets-28 with topic id Some(l1ZzHGqzTEy0jj1xvaVAlg) starts at leader epoch 0 from offset 0 with partition epoch 0, high watermark 0, ISR [0], adding replicas [] and removing replicas [] . Previous leader epoch was -1. (state.change.logger)
[2023-09-26 16:30:31,495] INFO [Broker id=0] Finished LeaderAndIsr request in 339ms correlationId 3 from controller 0 for 50 partitions (state.change.logger)
[2023-09-26 16:30:31,497] INFO [Broker id=0] Add 50 partitions and deleted 0 partitions from metadata cache in response to UpdateMetadata request sent by controller 0 epoch 1 with correlation id 4 (state.change.logger)
[2023-09-26 23:13:02,878] INFO [Controller id=0 epoch=2] Sending UpdateMetadata request to brokers HashSet(0) for 0 partitions (state.change.logger)
[2023-09-26 23:13:02,917] INFO [Controller id=0 epoch=2] Sending LeaderAndIsr request to broker 0 with 51 become-leader and 0 become-follower partitions (state.change.logger)
[2023-09-26 23:13:02,918] INFO [Controller id=0 epoch=2] Sending UpdateMetadata request to brokers HashSet(0) for 51 partitions (state.change.logger)
[2023-09-26 23:13:03,438] INFO [Broker id=0] Handling LeaderAndIsr request correlationId 1 from controller 0 for 51 partitions (state.change.logger)
[2023-09-26 23:13:03,460] INFO [Broker id=0] Stopped fetchers as part of LeaderAndIsr request correlationId 1 from controller 0 epoch 2 as part of the become-leader transition for 51 partitions (state.change.logger)
[2023-09-26 23:13:03,476] INFO [Broker id=0] Leader __consumer_offsets-3 with topic id Some(l1ZzHGqzTEy0jj1xvaVAlg) starts at leader epoch 0 from offset 0 with partition epoch 0, high watermark 0, ISR [0], adding replicas [] and removing replicas [] . Previous leader epoch was -1. (state.change.logger)
[2023-09-26 23:13:03,482] INFO [Broker id=0] Leader __consumer_offsets-18 with topic id Some(l1ZzHGqzTEy0jj1xvaVAlg) starts at leader epoch 0 from offset 0 with partition epoch 0, high watermark 0, ISR [0], adding replicas [] and removing replicas [] . Previous leader epoch was -1. (state.change.logger)
[2023-09-26 23:13:03,484] INFO [Broker id=0] Leader __consumer_offsets-41 with topic id Some(l1ZzHGqzTEy0jj1xvaVAlg) starts at leader epoch 0 from offset 0 with partition epoch 0, high watermark 0, ISR [0], adding replicas [] and removing replicas [] . Previous leader epoch was -1. (state.change.logger)
[2023-09-26 23:13:03,487] INFO [Broker id=0] Leader __consumer_offsets-10 with topic id Some(l1ZzHGqzTEy0jj1xvaVAlg) starts at leader epoch 0 from offset 0 with partition epoch 0, high watermark 0, ISR [0], adding replicas [] and removing replicas [] . Previous leader epoch was -1. (state.change.logger)
[2023-09-26 23:13:03,488] INFO [Broker id=0] Leader __consumer_offsets-33 with topic id Some(l1ZzHGqzTEy0jj1xvaVAlg) starts at leader epoch 0 from offset 0 with partition epoch 0, high watermark 0, ISR [0], adding replicas [] and removing replicas [] . Previous leader epoch was -1. (state.change.logger)
[2023-09-26 23:13:03,490] INFO [Broker id=0] Leader __consumer_offsets-48 with topic id Some(l1ZzHGqzTEy0jj1xvaVAlg) starts at leader epoch 0 from offset 0 with partition epoch 0, high watermark 0, ISR [0], adding replicas [] and removing replicas [] . Previous leader epoch was -1. (state.change.logger)
[2023-09-26 23:13:03,492] INFO [Broker id=0] Leader __consumer_offsets-19 with topic id Some(l1ZzHGqzTEy0jj1xvaVAlg) starts at leader epoch 0 from offset 0 with partition epoch 0, high watermark 0, ISR [0], adding replicas [] and removing replicas [] . Previous leader epoch was -1. (state.change.logger)
[2023-09-26 23:13:03,494] INFO [Broker id=0] Leader __consumer_offsets-34 with topic id Some(l1ZzHGqzTEy0jj1xvaVAlg) starts at leader epoch 0 from offset 0 with partition epoch 0, high watermark 0, ISR [0], adding replicas [] and removing replicas [] . Previous leader epoch was -1. (state.change.logger)
[2023-09-26 23:13:03,496] INFO [Broker id=0] Leader __consumer_offsets-4 with topic id Some(l1ZzHGqzTEy0jj1xvaVAlg) starts at leader epoch 0 from offset 0 with partition epoch 0, high watermark 0, ISR [0], adding replicas [] and removing replicas [] . Previous leader epoch was -1. (state.change.logger)
[2023-09-26 23:13:03,498] INFO [Broker id=0] Leader __consumer_offsets-11 with topic id Some(l1ZzHGqzTEy0jj1xvaVAlg) starts at leader epoch 0 from offset 0 with partition epoch 0, high watermark 0, ISR [0], adding replicas [] and removing replicas [] . Previous leader epoch was -1. (state.change.logger)
[2023-09-26 23:13:03,500] INFO [Broker id=0] Leader __consumer_offsets-26 with topic id Some(l1ZzHGqzTEy0jj1xvaVAlg) starts at leader epoch 0 from offset 1 with partition epoch 0, high watermark 1, ISR [0], adding replicas [] and removing replicas [] . Previous leader epoch was -1. (state.change.logger)
[2023-09-26 23:13:03,500] INFO [Broker id=0] Leader __consumer_offsets-49 with topic id Some(l1ZzHGqzTEy0jj1xvaVAlg) starts at leader epoch 0 from offset 0 with partition epoch 0, high watermark 0, ISR [0], adding replicas [] and removing replicas [] . Previous leader epoch was -1. (state.change.logger)
[2023-09-26 23:13:03,502] INFO [Broker id=0] Leader __consumer_offsets-39 with topic id Some(l1ZzHGqzTEy0jj1xvaVAlg) starts at leader epoch 0 from offset 0 with partition epoch 0, high watermark 0, ISR [0], adding replicas [] and removing replicas [] . Previous leader epoch was -1. (state.change.logger)
[2023-09-26 23:13:03,504] INFO [Broker id=0] Leader __consumer_offsets-9 with topic id Some(l1ZzHGqzTEy0jj1xvaVAlg) starts at leader epoch 0 from offset 0 with partition epoch 0, high watermark 0, ISR [0], adding replicas [] and removing replicas [] . Previous leader epoch was -1. (state.change.logger)
[2023-09-26 23:13:03,507] INFO [Broker id=0] Leader __consumer_offsets-24 with topic id Some(l1ZzHGqzTEy0jj1xvaVAlg) starts at leader epoch 0 from offset 0 with partition epoch 0, high watermark 0, ISR [0], adding replicas [] and removing replicas [] . Previous leader epoch was -1. (state.change.logger)
[2023-09-26 23:13:03,509] INFO [Broker id=0] Leader __consumer_offsets-31 with topic id Some(l1ZzHGqzTEy0jj1xvaVAlg) starts at leader epoch 0 from offset 0 with partition epoch 0, high watermark 0, ISR [0], adding replicas [] and removing replicas [] . Previous leader epoch was -1. (state.change.logger)
[2023-09-26 23:13:03,511] INFO [Broker id=0] Leader __consumer_offsets-46 with topic id Some(l1ZzHGqzTEy0jj1xvaVAlg) starts at leader epoch 0 from offset 0 with partition epoch 0, high watermark 0, ISR [0], adding replicas [] and removing replicas [] . Previous leader epoch was -1. (state.change.logger)
[2023-09-26 23:13:03,513] INFO [Broker id=0] Leader __consumer_offsets-1 with topic id Some(l1ZzHGqzTEy0jj1xvaVAlg) starts at leader epoch 0 from offset 0 with partition epoch 0, high watermark 0, ISR [0], adding replicas [] and removing replicas [] . Previous leader epoch was -1. (state.change.logger)
[2023-09-26 23:13:03,516] INFO [Broker id=0] Leader __consumer_offsets-16 with topic id Some(l1ZzHGqzTEy0jj1xvaVAlg) starts at leader epoch 0 from offset 0 with partition epoch 0, high watermark 0, ISR [0], adding replicas [] and removing replicas [] . Previous leader epoch was -1. (state.change.logger)
[2023-09-26 23:13:03,517] INFO [Broker id=0] Leader __consumer_offsets-2 with topic id Some(l1ZzHGqzTEy0jj1xvaVAlg) starts at leader epoch 0 from offset 0 with partition epoch 0, high watermark 0, ISR [0], adding replicas [] and removing replicas [] . Previous leader epoch was -1. (state.change.logger)
[2023-09-26 23:13:03,520] INFO [Broker id=0] Leader __consumer_offsets-25 with topic id Some(l1ZzHGqzTEy0jj1xvaVAlg) starts at leader epoch 0 from offset 0 with partition epoch 0, high watermark 0, ISR [0], adding replicas [] and removing replicas [] . Previous leader epoch was -1. (state.change.logger)
[2023-09-26 23:13:03,523] INFO [Broker id=0] Leader __consumer_offsets-40 with topic id Some(l1ZzHGqzTEy0jj1xvaVAlg) starts at leader epoch 0 from offset 0 with partition epoch 0, high watermark 0, ISR [0], adding replicas [] and removing replicas [] . Previous leader epoch was -1. (state.change.logger)
[2023-09-26 23:13:03,524] INFO [Broker id=0] Leader __consumer_offsets-47 with topic id Some(l1ZzHGqzTEy0jj1xvaVAlg) starts at leader epoch 0 from offset 0 with partition epoch 0, high watermark 0, ISR [0], adding replicas [] and removing replicas [] . Previous leader epoch was -1. (state.change.logger)
[2023-09-26 23:13:03,527] INFO [Broker id=0] Leader __consumer_offsets-17 with topic id Some(l1ZzHGqzTEy0jj1xvaVAlg) starts at leader epoch 0 from offset 0 with partition epoch 0, high watermark 0, ISR [0], adding replicas [] and removing replicas [] . Previous leader epoch was -1. (state.change.logger)
[2023-09-26 23:13:03,529] INFO [Broker id=0] Leader __consumer_offsets-32 with topic id Some(l1ZzHGqzTEy0jj1xvaVAlg) starts at leader epoch 0 from offset 0 with partition epoch 0, high watermark 0, ISR [0], adding replicas [] and removing replicas [] . Previous leader epoch was -1. (state.change.logger)
[2023-09-26 23:13:03,531] INFO [Broker id=0] Leader __consumer_offsets-37 with topic id Some(l1ZzHGqzTEy0jj1xvaVAlg) starts at leader epoch 0 from offset 0 with partition epoch 0, high watermark 0, ISR [0], adding replicas [] and removing replicas [] . Previous leader epoch was -1. (state.change.logger)
[2023-09-26 23:13:03,532] INFO [Broker id=0] Leader __consumer_offsets-7 with topic id Some(l1ZzHGqzTEy0jj1xvaVAlg) starts at leader epoch 0 from offset 0 with partition epoch 0, high watermark 0, ISR [0], adding replicas [] and removing replicas [] . Previous leader epoch was -1. (state.change.logger)
[2023-09-26 23:13:03,534] INFO [Broker id=0] Leader __consumer_offsets-22 with topic id Some(l1ZzHGqzTEy0jj1xvaVAlg) starts at leader epoch 0 from offset 0 with partition epoch 0, high watermark 0, ISR [0], adding replicas [] and removing replicas [] . Previous leader epoch was -1. (state.change.logger)
[2023-09-26 23:13:03,537] INFO [Broker id=0] Leader __consumer_offsets-29 with topic id Some(l1ZzHGqzTEy0jj1xvaVAlg) starts at leader epoch 0 from offset 0 with partition epoch 0, high watermark 0, ISR [0], adding replicas [] and removing replicas [] . Previous leader epoch was -1. (state.change.logger)
[2023-09-26 23:13:03,539] INFO [Broker id=0] Leader __consumer_offsets-44 with topic id Some(l1ZzHGqzTEy0jj1xvaVAlg) starts at leader epoch 0 from offset 0 with partition epoch 0, high watermark 0, ISR [0], adding replicas [] and removing replicas [] . Previous leader epoch was -1. (state.change.logger)
[2023-09-26 23:13:03,541] INFO [Broker id=0] Leader __consumer_offsets-14 with topic id Some(l1ZzHGqzTEy0jj1xvaVAlg) starts at leader epoch 0 from offset 0 with partition epoch 0, high watermark 0, ISR [0], adding replicas [] and removing replicas [] . Previous leader epoch was -1. (state.change.logger)
[2023-09-26 23:13:03,543] INFO [Broker id=0] Leader __consumer_offsets-23 with topic id Some(l1ZzHGqzTEy0jj1xvaVAlg) starts at leader epoch 0 from offset 0 with partition epoch 0, high watermark 0, ISR [0], adding replicas [] and removing replicas [] . Previous leader epoch was -1. (state.change.logger)
[2023-09-26 23:13:03,545] INFO [Broker id=0] Leader __consumer_offsets-38 with topic id Some(l1ZzHGqzTEy0jj1xvaVAlg) starts at leader epoch 0 from offset 0 with partition epoch 0, high watermark 0, ISR [0], adding replicas [] and removing replicas [] . Previous leader epoch was -1. (state.change.logger)
[2023-09-26 23:13:03,546] INFO [Broker id=0] Leader __consumer_offsets-8 with topic id Some(l1ZzHGqzTEy0jj1xvaVAlg) starts at leader epoch 0 from offset 0 with partition epoch 0, high watermark 0, ISR [0], adding replicas [] and removing replicas [] . Previous leader epoch was -1. (state.change.logger)
[2023-09-26 23:13:03,548] INFO [Broker id=0] Leader __consumer_offsets-45 with topic id Some(l1ZzHGqzTEy0jj1xvaVAlg) starts at leader epoch 0 from offset 0 with partition epoch 0, high watermark 0, ISR [0], adding replicas [] and removing replicas [] . Previous leader epoch was -1. (state.change.logger)
[2023-09-26 23:13:03,550] INFO [Broker id=0] Leader __consumer_offsets-15 with topic id Some(l1ZzHGqzTEy0jj1xvaVAlg) starts at leader epoch 0 from offset 0 with partition epoch 0, high watermark 0, ISR [0], adding replicas [] and removing replicas [] . Previous leader epoch was -1. (state.change.logger)
[2023-09-26 23:13:03,552] INFO [Broker id=0] Leader __consumer_offsets-30 with topic id Some(l1ZzHGqzTEy0jj1xvaVAlg) starts at leader epoch 0 from offset 0 with partition epoch 0, high watermark 0, ISR [0], adding replicas [] and removing replicas [] . Previous leader epoch was -1. (state.change.logger)
[2023-09-26 23:13:03,554] INFO [Broker id=0] Leader __consumer_offsets-0 with topic id Some(l1ZzHGqzTEy0jj1xvaVAlg) starts at leader epoch 0 from offset 0 with partition epoch 0, high watermark 0, ISR [0], adding replicas [] and removing replicas [] . Previous leader epoch was -1. (state.change.logger)
[2023-09-26 23:13:03,557] INFO [Broker id=0] Leader __consumer_offsets-35 with topic id Some(l1ZzHGqzTEy0jj1xvaVAlg) starts at leader epoch 0 from offset 0 with partition epoch 0, high watermark 0, ISR [0], adding replicas [] and removing replicas [] . Previous leader epoch was -1. (state.change.logger)
[2023-09-26 23:13:03,572] INFO [Broker id=0] Leader __consumer_offsets-5 with topic id Some(l1ZzHGqzTEy0jj1xvaVAlg) starts at leader epoch 0 from offset 0 with partition epoch 0, high watermark 0, ISR [0], adding replicas [] and removing replicas [] . Previous leader epoch was -1. (state.change.logger)
[2023-09-26 23:13:03,574] INFO [Broker id=0] Leader __consumer_offsets-20 with topic id Some(l1ZzHGqzTEy0jj1xvaVAlg) starts at leader epoch 0 from offset 0 with partition epoch 0, high watermark 0, ISR [0], adding replicas [] and removing replicas [] . Previous leader epoch was -1. (state.change.logger)
[2023-09-26 23:13:03,577] INFO [Broker id=0] Leader __consumer_offsets-27 with topic id Some(l1ZzHGqzTEy0jj1xvaVAlg) starts at leader epoch 0 from offset 0 with partition epoch 0, high watermark 0, ISR [0], adding replicas [] and removing replicas [] . Previous leader epoch was -1. (state.change.logger)
[2023-09-26 23:13:03,578] INFO [Broker id=0] Leader __consumer_offsets-42 with topic id Some(l1ZzHGqzTEy0jj1xvaVAlg) starts at leader epoch 0 from offset 0 with partition epoch 0, high watermark 0, ISR [0], adding replicas [] and removing replicas [] . Previous leader epoch was -1. (state.change.logger)
[2023-09-26 23:13:03,580] INFO [Broker id=0] Leader __consumer_offsets-12 with topic id Some(l1ZzHGqzTEy0jj1xvaVAlg) starts at leader epoch 0 from offset 0 with partition epoch 0, high watermark 0, ISR [0], adding replicas [] and removing replicas [] . Previous leader epoch was -1. (state.change.logger)
[2023-09-26 23:13:03,581] INFO [Broker id=0] Leader __consumer_offsets-21 with topic id Some(l1ZzHGqzTEy0jj1xvaVAlg) starts at leader epoch 0 from offset 0 with partition epoch 0, high watermark 0, ISR [0], adding replicas [] and removing replicas [] . Previous leader epoch was -1. (state.change.logger)
[2023-09-26 23:13:03,584] INFO [Broker id=0] Leader __consumer_offsets-36 with topic id Some(l1ZzHGqzTEy0jj1xvaVAlg) starts at leader epoch 0 from offset 0 with partition epoch 0, high watermark 0, ISR [0], adding replicas [] and removing replicas [] . Previous leader epoch was -1. (state.change.logger)
[2023-09-26 23:13:03,586] INFO [Broker id=0] Leader __consumer_offsets-6 with topic id Some(l1ZzHGqzTEy0jj1xvaVAlg) starts at leader epoch 0 from offset 0 with partition epoch 0, high watermark 0, ISR [0], adding replicas [] and removing replicas [] . Previous leader epoch was -1. (state.change.logger)
[2023-09-26 23:13:03,588] INFO [Broker id=0] Leader __consumer_offsets-43 with topic id Some(l1ZzHGqzTEy0jj1xvaVAlg) starts at leader epoch 0 from offset 0 with partition epoch 0, high watermark 0, ISR [0], adding replicas [] and removing replicas [] . Previous leader epoch was -1. (state.change.logger)
[2023-09-26 23:13:03,590] INFO [Broker id=0] Leader __consumer_offsets-13 with topic id Some(l1ZzHGqzTEy0jj1xvaVAlg) starts at leader epoch 0 from offset 0 with partition epoch 0, high watermark 0, ISR [0], adding replicas [] and removing replicas [] . Previous leader epoch was -1. (state.change.logger)
[2023-09-26 23:13:03,592] INFO [Broker id=0] Leader __consumer_offsets-28 with topic id Some(l1ZzHGqzTEy0jj1xvaVAlg) starts at leader epoch 0 from offset 0 with partition epoch 0, high watermark 0, ISR [0], adding replicas [] and removing replicas [] . Previous leader epoch was -1. (state.change.logger)
[2023-09-26 23:13:03,593] INFO [Broker id=0] Leader my-topic-0 with topic id Some(Ibtk04W0Qx2XJK5Rlc5u-A) starts at leader epoch 0 from offset 11 with partition epoch 0, high watermark 11, ISR [0], adding replicas [] and removing replicas [] . Previous leader epoch was -1. (state.change.logger)
[2023-09-26 23:13:03,609] INFO [Broker id=0] Finished LeaderAndIsr request in 172ms correlationId 1 from controller 0 for 51 partitions (state.change.logger)
[2023-09-26 23:13:03,619] INFO [Broker id=0] Add 51 partitions and deleted 0 partitions from metadata cache in response to UpdateMetadata request sent by controller 0 epoch 2 with correlation id 2 (state.change.logger)
[2023-09-27 03:19:46,547] INFO [Controller id=0 epoch=2] Sending UpdateMetadata request to brokers HashSet() for 0 partitions (state.change.logger)
[2023-09-28 14:03:38,346] INFO [Controller id=0 epoch=3] Sending UpdateMetadata request to brokers HashSet(0) for 0 partitions (state.change.logger)
[2023-09-28 14:03:38,390] INFO [Controller id=0 epoch=3] Sending LeaderAndIsr request to broker 0 with 51 become-leader and 0 become-follower partitions (state.change.logger)
[2023-09-28 14:03:38,392] INFO [Controller id=0 epoch=3] Sending UpdateMetadata request to brokers HashSet(0) for 51 partitions (state.change.logger)
[2023-09-28 14:03:38,944] INFO [Broker id=0] Handling LeaderAndIsr request correlationId 1 from controller 0 for 51 partitions (state.change.logger)
[2023-09-28 14:03:38,973] INFO [Broker id=0] Stopped fetchers as part of LeaderAndIsr request correlationId 1 from controller 0 epoch 3 as part of the become-leader transition for 51 partitions (state.change.logger)
[2023-09-28 14:03:38,991] INFO [Broker id=0] Leader __consumer_offsets-3 with topic id Some(l1ZzHGqzTEy0jj1xvaVAlg) starts at leader epoch 0 from offset 0 with partition epoch 0, high watermark 0, ISR [0], adding replicas [] and removing replicas [] . Previous leader epoch was -1. (state.change.logger)
[2023-09-28 14:03:38,999] INFO [Broker id=0] Leader __consumer_offsets-18 with topic id Some(l1ZzHGqzTEy0jj1xvaVAlg) starts at leader epoch 0 from offset 0 with partition epoch 0, high watermark 0, ISR [0], adding replicas [] and removing replicas [] . Previous leader epoch was -1. (state.change.logger)
[2023-09-28 14:03:39,054] INFO [Broker id=0] Leader __consumer_offsets-41 with topic id Some(l1ZzHGqzTEy0jj1xvaVAlg) starts at leader epoch 0 from offset 0 with partition epoch 0, high watermark 0, ISR [0], adding replicas [] and removing replicas [] . Previous leader epoch was -1. (state.change.logger)
[2023-09-28 14:03:39,071] INFO [Broker id=0] Leader __consumer_offsets-10 with topic id Some(l1ZzHGqzTEy0jj1xvaVAlg) starts at leader epoch 0 from offset 0 with partition epoch 0, high watermark 0, ISR [0], adding replicas [] and removing replicas [] . Previous leader epoch was -1. (state.change.logger)
[2023-09-28 14:03:39,123] INFO [Broker id=0] Leader __consumer_offsets-33 with topic id Some(l1ZzHGqzTEy0jj1xvaVAlg) starts at leader epoch 0 from offset 0 with partition epoch 0, high watermark 0, ISR [0], adding replicas [] and removing replicas [] . Previous leader epoch was -1. (state.change.logger)
[2023-09-28 14:03:39,158] INFO [Broker id=0] Leader __consumer_offsets-48 with topic id Some(l1ZzHGqzTEy0jj1xvaVAlg) starts at leader epoch 0 from offset 0 with partition epoch 0, high watermark 0, ISR [0], adding replicas [] and removing replicas [] . Previous leader epoch was -1. (state.change.logger)
[2023-09-28 14:03:39,176] INFO [Broker id=0] Leader __consumer_offsets-19 with topic id Some(l1ZzHGqzTEy0jj1xvaVAlg) starts at leader epoch 0 from offset 0 with partition epoch 0, high watermark 0, ISR [0], adding replicas [] and removing replicas [] . Previous leader epoch was -1. (state.change.logger)
[2023-09-28 14:03:39,177] INFO [Broker id=0] Leader __consumer_offsets-34 with topic id Some(l1ZzHGqzTEy0jj1xvaVAlg) starts at leader epoch 0 from offset 0 with partition epoch 0, high watermark 0, ISR [0], adding replicas [] and removing replicas [] . Previous leader epoch was -1. (state.change.logger)
[2023-09-28 14:03:39,179] INFO [Broker id=0] Leader __consumer_offsets-4 with topic id Some(l1ZzHGqzTEy0jj1xvaVAlg) starts at leader epoch 0 from offset 0 with partition epoch 0, high watermark 0, ISR [0], adding replicas [] and removing replicas [] . Previous leader epoch was -1. (state.change.logger)
[2023-09-28 14:03:39,180] INFO [Broker id=0] Leader __consumer_offsets-11 with topic id Some(l1ZzHGqzTEy0jj1xvaVAlg) starts at leader epoch 0 from offset 0 with partition epoch 0, high watermark 0, ISR [0], adding replicas [] and removing replicas [] . Previous leader epoch was -1. (state.change.logger)
[2023-09-28 14:03:39,233] INFO [Broker id=0] Leader __consumer_offsets-26 with topic id Some(l1ZzHGqzTEy0jj1xvaVAlg) starts at leader epoch 0 from offset 3 with partition epoch 0, high watermark 3, ISR [0], adding replicas [] and removing replicas [] . Previous leader epoch was -1. (state.change.logger)
[2023-09-28 14:03:39,234] INFO [Broker id=0] Leader __consumer_offsets-49 with topic id Some(l1ZzHGqzTEy0jj1xvaVAlg) starts at leader epoch 0 from offset 0 with partition epoch 0, high watermark 0, ISR [0], adding replicas [] and removing replicas [] . Previous leader epoch was -1. (state.change.logger)
[2023-09-28 14:03:39,270] INFO [Broker id=0] Leader __consumer_offsets-39 with topic id Some(l1ZzHGqzTEy0jj1xvaVAlg) starts at leader epoch 0 from offset 3 with partition epoch 0, high watermark 3, ISR [0], adding replicas [] and removing replicas [] . Previous leader epoch was -1. (state.change.logger)
[2023-09-28 14:03:39,270] INFO [Broker id=0] Leader __consumer_offsets-9 with topic id Some(l1ZzHGqzTEy0jj1xvaVAlg) starts at leader epoch 0 from offset 0 with partition epoch 0, high watermark 0, ISR [0], adding replicas [] and removing replicas [] . Previous leader epoch was -1. (state.change.logger)
[2023-09-28 14:03:39,287] INFO [Broker id=0] Leader __consumer_offsets-24 with topic id Some(l1ZzHGqzTEy0jj1xvaVAlg) starts at leader epoch 0 from offset 0 with partition epoch 0, high watermark 0, ISR [0], adding replicas [] and removing replicas [] . Previous leader epoch was -1. (state.change.logger)
[2023-09-28 14:03:39,289] INFO [Broker id=0] Leader __consumer_offsets-31 with topic id Some(l1ZzHGqzTEy0jj1xvaVAlg) starts at leader epoch 0 from offset 0 with partition epoch 0, high watermark 0, ISR [0], adding replicas [] and removing replicas [] . Previous leader epoch was -1. (state.change.logger)
[2023-09-28 14:03:39,290] INFO [Broker id=0] Leader __consumer_offsets-46 with topic id Some(l1ZzHGqzTEy0jj1xvaVAlg) starts at leader epoch 0 from offset 0 with partition epoch 0, high watermark 0, ISR [0], adding replicas [] and removing replicas [] . Previous leader epoch was -1. (state.change.logger)
[2023-09-28 14:03:39,342] INFO [Broker id=0] Leader __consumer_offsets-1 with topic id Some(l1ZzHGqzTEy0jj1xvaVAlg) starts at leader epoch 0 from offset 0 with partition epoch 0, high watermark 0, ISR [0], adding replicas [] and removing replicas [] . Previous leader epoch was -1. (state.change.logger)
[2023-09-28 14:03:39,360] INFO [Broker id=0] Leader __consumer_offsets-16 with topic id Some(l1ZzHGqzTEy0jj1xvaVAlg) starts at leader epoch 0 from offset 0 with partition epoch 0, high watermark 0, ISR [0], adding replicas [] and removing replicas [] . Previous leader epoch was -1. (state.change.logger)
[2023-09-28 14:03:39,362] INFO [Broker id=0] Leader __consumer_offsets-2 with topic id Some(l1ZzHGqzTEy0jj1xvaVAlg) starts at leader epoch 0 from offset 0 with partition epoch 0, high watermark 0, ISR [0], adding replicas [] and removing replicas [] . Previous leader epoch was -1. (state.change.logger)
[2023-09-28 14:03:39,364] INFO [Broker id=0] Leader __consumer_offsets-25 with topic id Some(l1ZzHGqzTEy0jj1xvaVAlg) starts at leader epoch 0 from offset 0 with partition epoch 0, high watermark 0, ISR [0], adding replicas [] and removing replicas [] . Previous leader epoch was -1. (state.change.logger)
[2023-09-28 14:03:39,366] INFO [Broker id=0] Leader __consumer_offsets-40 with topic id Some(l1ZzHGqzTEy0jj1xvaVAlg) starts at leader epoch 0 from offset 0 with partition epoch 0, high watermark 0, ISR [0], adding replicas [] and removing replicas [] . Previous leader epoch was -1. (state.change.logger)
[2023-09-28 14:03:39,367] INFO [Broker id=0] Leader __consumer_offsets-47 with topic id Some(l1ZzHGqzTEy0jj1xvaVAlg) starts at leader epoch 0 from offset 0 with partition epoch 0, high watermark 0, ISR [0], adding replicas [] and removing replicas [] . Previous leader epoch was -1. (state.change.logger)
[2023-09-28 14:03:39,402] INFO [Broker id=0] Leader __consumer_offsets-17 with topic id Some(l1ZzHGqzTEy0jj1xvaVAlg) starts at leader epoch 0 from offset 0 with partition epoch 0, high watermark 0, ISR [0], adding replicas [] and removing replicas [] . Previous leader epoch was -1. (state.change.logger)
[2023-09-28 14:03:39,419] INFO [Broker id=0] Leader __consumer_offsets-32 with topic id Some(l1ZzHGqzTEy0jj1xvaVAlg) starts at leader epoch 0 from offset 0 with partition epoch 0, high watermark 0, ISR [0], adding replicas [] and removing replicas [] . Previous leader epoch was -1. (state.change.logger)
[2023-09-28 14:03:39,421] INFO [Broker id=0] Leader __consumer_offsets-37 with topic id Some(l1ZzHGqzTEy0jj1xvaVAlg) starts at leader epoch 0 from offset 0 with partition epoch 0, high watermark 0, ISR [0], adding replicas [] and removing replicas [] . Previous leader epoch was -1. (state.change.logger)
[2023-09-28 14:03:39,422] INFO [Broker id=0] Leader __consumer_offsets-7 with topic id Some(l1ZzHGqzTEy0jj1xvaVAlg) starts at leader epoch 0 from offset 0 with partition epoch 0, high watermark 0, ISR [0], adding replicas [] and removing replicas [] . Previous leader epoch was -1. (state.change.logger)
[2023-09-28 14:03:39,424] INFO [Broker id=0] Leader __consumer_offsets-22 with topic id Some(l1ZzHGqzTEy0jj1xvaVAlg) starts at leader epoch 0 from offset 0 with partition epoch 0, high watermark 0, ISR [0], adding replicas [] and removing replicas [] . Previous leader epoch was -1. (state.change.logger)
[2023-09-28 14:03:39,442] INFO [Broker id=0] Leader __consumer_offsets-29 with topic id Some(l1ZzHGqzTEy0jj1xvaVAlg) starts at leader epoch 0 from offset 0 with partition epoch 0, high watermark 0, ISR [0], adding replicas [] and removing replicas [] . Previous leader epoch was -1. (state.change.logger)
[2023-09-28 14:03:39,444] INFO [Broker id=0] Leader __consumer_offsets-44 with topic id Some(l1ZzHGqzTEy0jj1xvaVAlg) starts at leader epoch 0 from offset 0 with partition epoch 0, high watermark 0, ISR [0], adding replicas [] and removing replicas [] . Previous leader epoch was -1. (state.change.logger)
[2023-09-28 14:03:39,447] INFO [Broker id=0] Leader __consumer_offsets-14 with topic id Some(l1ZzHGqzTEy0jj1xvaVAlg) starts at leader epoch 0 from offset 0 with partition epoch 0, high watermark 0, ISR [0], adding replicas [] and removing replicas [] . Previous leader epoch was -1. (state.change.logger)
[2023-09-28 14:03:39,479] INFO [Broker id=0] Leader __consumer_offsets-23 with topic id Some(l1ZzHGqzTEy0jj1xvaVAlg) starts at leader epoch 0 from offset 0 with partition epoch 0, high watermark 0, ISR [0], adding replicas [] and removing replicas [] . Previous leader epoch was -1. (state.change.logger)
[2023-09-28 14:03:39,512] INFO [Broker id=0] Leader __consumer_offsets-38 with topic id Some(l1ZzHGqzTEy0jj1xvaVAlg) starts at leader epoch 0 from offset 0 with partition epoch 0, high watermark 0, ISR [0], adding replicas [] and removing replicas [] . Previous leader epoch was -1. (state.change.logger)
[2023-09-28 14:03:39,557] INFO [Broker id=0] Leader __consumer_offsets-8 with topic id Some(l1ZzHGqzTEy0jj1xvaVAlg) starts at leader epoch 0 from offset 0 with partition epoch 0, high watermark 0, ISR [0], adding replicas [] and removing replicas [] . Previous leader epoch was -1. (state.change.logger)
[2023-09-28 14:03:39,602] INFO [Broker id=0] Leader __consumer_offsets-45 with topic id Some(l1ZzHGqzTEy0jj1xvaVAlg) starts at leader epoch 0 from offset 0 with partition epoch 0, high watermark 0, ISR [0], adding replicas [] and removing replicas [] . Previous leader epoch was -1. (state.change.logger)
[2023-09-28 14:03:39,647] INFO [Broker id=0] Leader __consumer_offsets-15 with topic id Some(l1ZzHGqzTEy0jj1xvaVAlg) starts at leader epoch 0 from offset 0 with partition epoch 0, high watermark 0, ISR [0], adding replicas [] and removing replicas [] . Previous leader epoch was -1. (state.change.logger)
[2023-09-28 14:03:39,695] INFO [Broker id=0] Leader __consumer_offsets-30 with topic id Some(l1ZzHGqzTEy0jj1xvaVAlg) starts at leader epoch 0 from offset 0 with partition epoch 0, high watermark 0, ISR [0], adding replicas [] and removing replicas [] . Previous leader epoch was -1. (state.change.logger)
[2023-09-28 14:03:39,726] INFO [Broker id=0] Leader __consumer_offsets-0 with topic id Some(l1ZzHGqzTEy0jj1xvaVAlg) starts at leader epoch 0 from offset 0 with partition epoch 0, high watermark 0, ISR [0], adding replicas [] and removing replicas [] . Previous leader epoch was -1. (state.change.logger)
[2023-09-28 14:03:39,754] INFO [Broker id=0] Leader __consumer_offsets-35 with topic id Some(l1ZzHGqzTEy0jj1xvaVAlg) starts at leader epoch 0 from offset 0 with partition epoch 0, high watermark 0, ISR [0], adding replicas [] and removing replicas [] . Previous leader epoch was -1. (state.change.logger)
[2023-09-28 14:03:39,756] INFO [Broker id=0] Leader __consumer_offsets-5 with topic id Some(l1ZzHGqzTEy0jj1xvaVAlg) starts at leader epoch 0 from offset 0 with partition epoch 0, high watermark 0, ISR [0], adding replicas [] and removing replicas [] . Previous leader epoch was -1. (state.change.logger)
[2023-09-28 14:03:39,758] INFO [Broker id=0] Leader __consumer_offsets-20 with topic id Some(l1ZzHGqzTEy0jj1xvaVAlg) starts at leader epoch 0 from offset 1 with partition epoch 0, high watermark 1, ISR [0], adding replicas [] and removing replicas [] . Previous leader epoch was -1. (state.change.logger)
[2023-09-28 14:03:39,758] INFO [Broker id=0] Leader __consumer_offsets-27 with topic id Some(l1ZzHGqzTEy0jj1xvaVAlg) starts at leader epoch 0 from offset 0 with partition epoch 0, high watermark 0, ISR [0], adding replicas [] and removing replicas [] . Previous leader epoch was -1. (state.change.logger)
[2023-09-28 14:03:39,760] INFO [Broker id=0] Leader __consumer_offsets-42 with topic id Some(l1ZzHGqzTEy0jj1xvaVAlg) starts at leader epoch 0 from offset 0 with partition epoch 0, high watermark 0, ISR [0], adding replicas [] and removing replicas [] . Previous leader epoch was -1. (state.change.logger)
[2023-09-28 14:03:39,762] INFO [Broker id=0] Leader __consumer_offsets-12 with topic id Some(l1ZzHGqzTEy0jj1xvaVAlg) starts at leader epoch 0 from offset 3 with partition epoch 0, high watermark 3, ISR [0], adding replicas [] and removing replicas [] . Previous leader epoch was -1. (state.change.logger)
[2023-09-28 14:03:39,762] INFO [Broker id=0] Leader __consumer_offsets-21 with topic id Some(l1ZzHGqzTEy0jj1xvaVAlg) starts at leader epoch 0 from offset 0 with partition epoch 0, high watermark 0, ISR [0], adding replicas [] and removing replicas [] . Previous leader epoch was -1. (state.change.logger)
[2023-09-28 14:03:39,763] INFO [Broker id=0] Leader __consumer_offsets-36 with topic id Some(l1ZzHGqzTEy0jj1xvaVAlg) starts at leader epoch 0 from offset 0 with partition epoch 0, high watermark 0, ISR [0], adding replicas [] and removing replicas [] . Previous leader epoch was -1. (state.change.logger)
[2023-09-28 14:03:39,765] INFO [Broker id=0] Leader __consumer_offsets-6 with topic id Some(l1ZzHGqzTEy0jj1xvaVAlg) starts at leader epoch 0 from offset 0 with partition epoch 0, high watermark 0, ISR [0], adding replicas [] and removing replicas [] . Previous leader epoch was -1. (state.change.logger)
[2023-09-28 14:03:39,767] INFO [Broker id=0] Leader __consumer_offsets-43 with topic id Some(l1ZzHGqzTEy0jj1xvaVAlg) starts at leader epoch 0 from offset 0 with partition epoch 0, high watermark 0, ISR [0], adding replicas [] and removing replicas [] . Previous leader epoch was -1. (state.change.logger)
[2023-09-28 14:03:39,782] INFO [Broker id=0] Leader __consumer_offsets-13 with topic id Some(l1ZzHGqzTEy0jj1xvaVAlg) starts at leader epoch 0 from offset 0 with partition epoch 0, high watermark 0, ISR [0], adding replicas [] and removing replicas [] . Previous leader epoch was -1. (state.change.logger)
[2023-09-28 14:03:39,785] INFO [Broker id=0] Leader __consumer_offsets-28 with topic id Some(l1ZzHGqzTEy0jj1xvaVAlg) starts at leader epoch 0 from offset 0 with partition epoch 0, high watermark 0, ISR [0], adding replicas [] and removing replicas [] . Previous leader epoch was -1. (state.change.logger)
[2023-09-28 14:03:39,787] INFO [Broker id=0] Leader my-topic-0 with topic id Some(Ibtk04W0Qx2XJK5Rlc5u-A) starts at leader epoch 0 from offset 169 with partition epoch 0, high watermark 169, ISR [0], adding replicas [] and removing replicas [] . Previous leader epoch was -1. (state.change.logger)
[2023-09-28 14:03:39,807] INFO [Broker id=0] Finished LeaderAndIsr request in 863ms correlationId 1 from controller 0 for 51 partitions (state.change.logger)
[2023-09-28 14:03:39,816] INFO [Broker id=0] Add 51 partitions and deleted 0 partitions from metadata cache in response to UpdateMetadata request sent by controller 0 epoch 3 with correlation id 2 (state.change.logger)
[2023-09-28 14:12:20,908] INFO [Controller id=0 epoch=3] Sending UpdateMetadata request to brokers HashSet() for 0 partitions (state.change.logger)
